<?xml version="1.0" encoding="UTF-8"?>
<testsuite xmlns:xsi="http://www.w3.org/2001/XMLSchema-instance" xsi:noNamespaceSchemaLocation="https://maven.apache.org/surefire/maven-surefire-plugin/xsd/surefire-test-report-3.0.xsd" version="3.0" name="ec.edu.espe.eduplanmaven.util.AdvancedGradingSystemTest$ConcurrencyTests" time="3.268" tests="2" errors="0" skipped="0" failures="0">
  <properties>
    <property name="java.specification.version" value="24"/>
    <property name="sun.cpu.isalist" value="amd64"/>
    <property name="sun.jnu.encoding" value="Cp1252"/>
    <property name="java.class.path" value="C:\Users\david\Documents\GitHub - University\ESPE2504-OOPSW23217-SoftCrafters\06Code\EduPlanMaven\target\test-classes;C:\Users\david\Documents\GitHub - University\ESPE2504-OOPSW23217-SoftCrafters\06Code\EduPlanMaven\target\classes;C:\Users\david\.m2\repository\org\mongodb\mongodb-driver-sync\5.5.1\mongodb-driver-sync-5.5.1.jar;C:\Users\david\.m2\repository\org\mongodb\bson\5.5.1\bson-5.5.1.jar;C:\Users\david\.m2\repository\org\mongodb\mongodb-driver-core\5.5.1\mongodb-driver-core-5.5.1.jar;C:\Users\david\.m2\repository\org\mongodb\bson-record-codec\5.5.1\bson-record-codec-5.5.1.jar;C:\Users\david\.m2\repository\org\slf4j\slf4j-api\2.0.7\slf4j-api-2.0.7.jar;C:\Users\david\.m2\repository\org\slf4j\slf4j-simple\2.0.7\slf4j-simple-2.0.7.jar;C:\Users\david\.m2\repository\com\toedter\jcalendar\1.4\jcalendar-1.4.jar;C:\Users\david\.m2\repository\org\junit\jupiter\junit-jupiter\5.9.2\junit-jupiter-5.9.2.jar;C:\Users\david\.m2\repository\org\junit\jupiter\junit-jupiter-api\5.9.2\junit-jupiter-api-5.9.2.jar;C:\Users\david\.m2\repository\org\opentest4j\opentest4j\1.2.0\opentest4j-1.2.0.jar;C:\Users\david\.m2\repository\org\junit\platform\junit-platform-commons\1.9.2\junit-platform-commons-1.9.2.jar;C:\Users\david\.m2\repository\org\apiguardian\apiguardian-api\1.1.2\apiguardian-api-1.1.2.jar;C:\Users\david\.m2\repository\org\junit\jupiter\junit-jupiter-params\5.9.2\junit-jupiter-params-5.9.2.jar;C:\Users\david\.m2\repository\org\junit\jupiter\junit-jupiter-engine\5.9.2\junit-jupiter-engine-5.9.2.jar;C:\Users\david\.m2\repository\org\junit\platform\junit-platform-engine\1.9.2\junit-platform-engine-1.9.2.jar;C:\Users\david\.m2\repository\org\mockito\mockito-core\5.1.1\mockito-core-5.1.1.jar;C:\Users\david\.m2\repository\net\bytebuddy\byte-buddy\1.12.22\byte-buddy-1.12.22.jar;C:\Users\david\.m2\repository\net\bytebuddy\byte-buddy-agent\1.12.22\byte-buddy-agent-1.12.22.jar;C:\Users\david\.m2\repository\org\objenesis\objenesis\3.3\objenesis-3.3.jar;C:\Users\david\.m2\repository\org\netbeans\external\AbsoluteLayout\RELEASE260\AbsoluteLayout-RELEASE260.jar;C:\Users\david\.m2\repository\org\apache\poi\poi\5.2.5\poi-5.2.5.jar;C:\Users\david\.m2\repository\commons-codec\commons-codec\1.16.0\commons-codec-1.16.0.jar;C:\Users\david\.m2\repository\org\apache\commons\commons-collections4\4.4\commons-collections4-4.4.jar;C:\Users\david\.m2\repository\org\apache\commons\commons-math3\3.6.1\commons-math3-3.6.1.jar;C:\Users\david\.m2\repository\commons-io\commons-io\2.15.0\commons-io-2.15.0.jar;C:\Users\david\.m2\repository\com\zaxxer\SparseBitSet\1.3\SparseBitSet-1.3.jar;C:\Users\david\.m2\repository\org\apache\logging\log4j\log4j-api\2.21.1\log4j-api-2.21.1.jar;C:\Users\david\.m2\repository\org\apache\poi\poi-ooxml\5.2.5\poi-ooxml-5.2.5.jar;C:\Users\david\.m2\repository\org\apache\poi\poi-ooxml-lite\5.2.5\poi-ooxml-lite-5.2.5.jar;C:\Users\david\.m2\repository\org\apache\xmlbeans\xmlbeans\5.2.0\xmlbeans-5.2.0.jar;C:\Users\david\.m2\repository\org\apache\commons\commons-compress\1.25.0\commons-compress-1.25.0.jar;C:\Users\david\.m2\repository\com\github\virtuald\curvesapi\1.08\curvesapi-1.08.jar;"/>
    <property name="java.vm.vendor" value="Oracle Corporation"/>
    <property name="sun.arch.data.model" value="64"/>
    <property name="user.variant" value=""/>
    <property name="java.vendor.url" value="https://java.oracle.com/"/>
    <property name="user.timezone" value="America/Guayaquil"/>
    <property name="user.country.format" value="EC"/>
    <property name="os.name" value="Windows 10"/>
    <property name="java.vm.specification.version" value="24"/>
    <property name="user.country" value="US"/>
    <property name="sun.java.launcher" value="SUN_STANDARD"/>
    <property name="sun.boot.library.path" value="C:\Program Files\Java\jdk-24\bin"/>
    <property name="sun.java.command" value="C:\Users\david\AppData\Local\Temp\surefire12238736080400564304\surefirebooter-20250816095004826_3.jar C:\Users\david\AppData\Local\Temp\surefire12238736080400564304 2025-08-16T09-50-04_515-jvmRun1 surefire-20250816095004826_1tmp surefire_0-20250816095004826_2tmp"/>
    <property name="jdk.debug" value="release"/>
    <property name="surefire.test.class.path" value="C:\Users\david\Documents\GitHub - University\ESPE2504-OOPSW23217-SoftCrafters\06Code\EduPlanMaven\target\test-classes;C:\Users\david\Documents\GitHub - University\ESPE2504-OOPSW23217-SoftCrafters\06Code\EduPlanMaven\target\classes;C:\Users\david\.m2\repository\org\mongodb\mongodb-driver-sync\5.5.1\mongodb-driver-sync-5.5.1.jar;C:\Users\david\.m2\repository\org\mongodb\bson\5.5.1\bson-5.5.1.jar;C:\Users\david\.m2\repository\org\mongodb\mongodb-driver-core\5.5.1\mongodb-driver-core-5.5.1.jar;C:\Users\david\.m2\repository\org\mongodb\bson-record-codec\5.5.1\bson-record-codec-5.5.1.jar;C:\Users\david\.m2\repository\org\slf4j\slf4j-api\2.0.7\slf4j-api-2.0.7.jar;C:\Users\david\.m2\repository\org\slf4j\slf4j-simple\2.0.7\slf4j-simple-2.0.7.jar;C:\Users\david\.m2\repository\com\toedter\jcalendar\1.4\jcalendar-1.4.jar;C:\Users\david\.m2\repository\org\junit\jupiter\junit-jupiter\5.9.2\junit-jupiter-5.9.2.jar;C:\Users\david\.m2\repository\org\junit\jupiter\junit-jupiter-api\5.9.2\junit-jupiter-api-5.9.2.jar;C:\Users\david\.m2\repository\org\opentest4j\opentest4j\1.2.0\opentest4j-1.2.0.jar;C:\Users\david\.m2\repository\org\junit\platform\junit-platform-commons\1.9.2\junit-platform-commons-1.9.2.jar;C:\Users\david\.m2\repository\org\apiguardian\apiguardian-api\1.1.2\apiguardian-api-1.1.2.jar;C:\Users\david\.m2\repository\org\junit\jupiter\junit-jupiter-params\5.9.2\junit-jupiter-params-5.9.2.jar;C:\Users\david\.m2\repository\org\junit\jupiter\junit-jupiter-engine\5.9.2\junit-jupiter-engine-5.9.2.jar;C:\Users\david\.m2\repository\org\junit\platform\junit-platform-engine\1.9.2\junit-platform-engine-1.9.2.jar;C:\Users\david\.m2\repository\org\mockito\mockito-core\5.1.1\mockito-core-5.1.1.jar;C:\Users\david\.m2\repository\net\bytebuddy\byte-buddy\1.12.22\byte-buddy-1.12.22.jar;C:\Users\david\.m2\repository\net\bytebuddy\byte-buddy-agent\1.12.22\byte-buddy-agent-1.12.22.jar;C:\Users\david\.m2\repository\org\objenesis\objenesis\3.3\objenesis-3.3.jar;C:\Users\david\.m2\repository\org\netbeans\external\AbsoluteLayout\RELEASE260\AbsoluteLayout-RELEASE260.jar;C:\Users\david\.m2\repository\org\apache\poi\poi\5.2.5\poi-5.2.5.jar;C:\Users\david\.m2\repository\commons-codec\commons-codec\1.16.0\commons-codec-1.16.0.jar;C:\Users\david\.m2\repository\org\apache\commons\commons-collections4\4.4\commons-collections4-4.4.jar;C:\Users\david\.m2\repository\org\apache\commons\commons-math3\3.6.1\commons-math3-3.6.1.jar;C:\Users\david\.m2\repository\commons-io\commons-io\2.15.0\commons-io-2.15.0.jar;C:\Users\david\.m2\repository\com\zaxxer\SparseBitSet\1.3\SparseBitSet-1.3.jar;C:\Users\david\.m2\repository\org\apache\logging\log4j\log4j-api\2.21.1\log4j-api-2.21.1.jar;C:\Users\david\.m2\repository\org\apache\poi\poi-ooxml\5.2.5\poi-ooxml-5.2.5.jar;C:\Users\david\.m2\repository\org\apache\poi\poi-ooxml-lite\5.2.5\poi-ooxml-lite-5.2.5.jar;C:\Users\david\.m2\repository\org\apache\xmlbeans\xmlbeans\5.2.0\xmlbeans-5.2.0.jar;C:\Users\david\.m2\repository\org\apache\commons\commons-compress\1.25.0\commons-compress-1.25.0.jar;C:\Users\david\.m2\repository\com\github\virtuald\curvesapi\1.08\curvesapi-1.08.jar;"/>
    <property name="sun.cpu.endian" value="little"/>
    <property name="user.home" value="C:\Users\david"/>
    <property name="user.language" value="en"/>
    <property name="java.specification.vendor" value="Oracle Corporation"/>
    <property name="java.version.date" value="2025-04-15"/>
    <property name="java.home" value="C:\Program Files\Java\jdk-24"/>
    <property name="file.separator" value="\"/>
    <property name="basedir" value="C:\Users\david\Documents\GitHub - University\ESPE2504-OOPSW23217-SoftCrafters\06Code\EduPlanMaven"/>
    <property name="java.vm.compressedOopsMode" value="32-bit"/>
    <property name="line.separator" value="&#10;"/>
    <property name="java.vm.specification.vendor" value="Oracle Corporation"/>
    <property name="java.specification.name" value="Java Platform API Specification"/>
    <property name="surefire.real.class.path" value="C:\Users\david\AppData\Local\Temp\surefire12238736080400564304\surefirebooter-20250816095004826_3.jar"/>
    <property name="user.script" value=""/>
    <property name="sun.management.compiler" value="HotSpot 64-Bit Tiered Compilers"/>
    <property name="java.runtime.version" value="24.0.1+9-30"/>
    <property name="user.name" value="david"/>
    <property name="stdout.encoding" value="Cp1252"/>
    <property name="path.separator" value=";"/>
    <property name="os.version" value="10.0"/>
    <property name="java.runtime.name" value="Java(TM) SE Runtime Environment"/>
    <property name="file.encoding" value="UTF-8"/>
    <property name="java.vm.name" value="Java HotSpot(TM) 64-Bit Server VM"/>
    <property name="maven.ext.class.path" value="C:\Program Files\NetBeans-25\netbeans\java\maven-nblib\netbeans-eventspy.jar"/>
    <property name="localRepository" value="C:\Users\david\.m2\repository"/>
    <property name="java.vendor.url.bug" value="https://bugreport.java.com/bugreport/"/>
    <property name="java.io.tmpdir" value="C:\Users\david\AppData\Local\Temp\"/>
    <property name="java.version" value="24.0.1"/>
    <property name="user.dir" value="C:\Users\david\Documents\GitHub - University\ESPE2504-OOPSW23217-SoftCrafters\06Code\EduPlanMaven"/>
    <property name="os.arch" value="amd64"/>
    <property name="java.vm.specification.name" value="Java Virtual Machine Specification"/>
    <property name="user.language.format" value="es"/>
    <property name="sun.os.patch.level" value=""/>
    <property name="native.encoding" value="Cp1252"/>
    <property name="java.library.path" value="C:\Program Files\Java\jdk-24\bin;C:\Windows\Sun\Java\bin;C:\Windows\system32;C:\Windows;C:\Program Files\Common Files\Oracle\Java\javapath;C:\Program Files (x86)\Common Files\Oracle\Java\java8path;C:\Program Files (x86)\Common Files\Oracle\Java\javapath;C:\Program Files\Eclipse Adoptium\jdk-21.0.6.7-hotspot\bin;C:\Windows\system32;C:\Windows;C:\Windows\System32\Wbem;C:\Windows\System32\WindowsPowerShell\v1.0\;C:\Windows\System32\OpenSSH\;C:\Program Files\Git\cmd;C:\Program Files\nodejs\;C:\Program Files\dotnet\;C:\Users\david\AppData\Local\Programs\Python\Python313\Scripts\;C:\Users\david\AppData\Local\Programs\Python\Python313\;C:\Users\david\AppData\Local\Microsoft\WindowsApps;C:\Users\david\AppData\Local\Programs\Microsoft VS Code\bin;C:\MinGW\bin;C:\Users\david\AppData\Roaming\npm;C:\Users\david\AppData\Local\Muse Hub\lib;C:\Users\david\AppData\Local\Programs\mongosh\;."/>
    <property name="java.vm.info" value="mixed mode, sharing"/>
    <property name="stderr.encoding" value="Cp1252"/>
    <property name="java.vendor" value="Oracle Corporation"/>
    <property name="java.vm.version" value="24.0.1+9-30"/>
    <property name="sun.io.unicode.encoding" value="UnicodeLittle"/>
    <property name="java.class.version" value="68.0"/>
  </properties>
  <testcase name="testSingletonThreadSafety" classname="ec.edu.espe.eduplanmaven.util.AdvancedGradingSystemTest$ConcurrencyTests" time="0.012"/>
  <testcase name="testConcurrentReportGeneration" classname="ec.edu.espe.eduplanmaven.util.AdvancedGradingSystemTest$ConcurrencyTests" time="3.251">
    <system-err><![CDATA[[pool-3-thread-1] INFO org.mongodb.driver.cluster - Waiting for server to become available for operation with ID 7. Remaining time: 29964 ms. Selector: ReadPreferenceServerSelector{readPreference=primary}, topology description: {type=REPLICA_SET, servers=[{address=ac-qpa4jy6-shard-00-02.vbzft1p.mongodb.net:27017, type=UNKNOWN, state=CONNECTING}, {address=ac-qpa4jy6-shard-00-01.vbzft1p.mongodb.net:27017, type=UNKNOWN, state=CONNECTING}, {address=ac-qpa4jy6-shard-00-00.vbzft1p.mongodb.net:27017, type=UNKNOWN, state=CONNECTING}].
[pool-3-thread-5] INFO org.mongodb.driver.cluster - Waiting for server to become available for operation with ID 5. Remaining time: 29964 ms. Selector: ReadPreferenceServerSelector{readPreference=primary}, topology description: {type=REPLICA_SET, servers=[{address=ac-qpa4jy6-shard-00-02.vbzft1p.mongodb.net:27017, type=UNKNOWN, state=CONNECTING}, {address=ac-qpa4jy6-shard-00-01.vbzft1p.mongodb.net:27017, type=UNKNOWN, state=CONNECTING}, {address=ac-qpa4jy6-shard-00-00.vbzft1p.mongodb.net:27017, type=UNKNOWN, state=CONNECTING}].
[pool-3-thread-2] INFO org.mongodb.driver.cluster - Waiting for server to become available for operation with ID 8. Remaining time: 29964 ms. Selector: ReadPreferenceServerSelector{readPreference=primary}, topology description: {type=REPLICA_SET, servers=[{address=ac-qpa4jy6-shard-00-02.vbzft1p.mongodb.net:27017, type=UNKNOWN, state=CONNECTING}, {address=ac-qpa4jy6-shard-00-01.vbzft1p.mongodb.net:27017, type=UNKNOWN, state=CONNECTING}, {address=ac-qpa4jy6-shard-00-00.vbzft1p.mongodb.net:27017, type=UNKNOWN, state=CONNECTING}].
[pool-3-thread-4] INFO org.mongodb.driver.cluster - Waiting for server to become available for operation with ID 6. Remaining time: 29964 ms. Selector: ReadPreferenceServerSelector{readPreference=primary}, topology description: {type=REPLICA_SET, servers=[{address=ac-qpa4jy6-shard-00-02.vbzft1p.mongodb.net:27017, type=UNKNOWN, state=CONNECTING}, {address=ac-qpa4jy6-shard-00-01.vbzft1p.mongodb.net:27017, type=UNKNOWN, state=CONNECTING}, {address=ac-qpa4jy6-shard-00-00.vbzft1p.mongodb.net:27017, type=UNKNOWN, state=CONNECTING}].
[pool-3-thread-3] INFO org.mongodb.driver.cluster - Waiting for server to become available for operation with ID 9. Remaining time: 29964 ms. Selector: ReadPreferenceServerSelector{readPreference=primary}, topology description: {type=REPLICA_SET, servers=[{address=ac-qpa4jy6-shard-00-02.vbzft1p.mongodb.net:27017, type=UNKNOWN, state=CONNECTING}, {address=ac-qpa4jy6-shard-00-01.vbzft1p.mongodb.net:27017, type=UNKNOWN, state=CONNECTING}, {address=ac-qpa4jy6-shard-00-00.vbzft1p.mongodb.net:27017, type=UNKNOWN, state=CONNECTING}].
[cluster-ClusterId{value='68a09a9f63c5de98aa02e8d6', description='Cluster0'}-ac-qpa4jy6-shard-00-00.vbzft1p.mongodb.net:27017] INFO org.mongodb.driver.cluster - Monitor thread successfully connected to server with description ServerDescription{address=ac-qpa4jy6-shard-00-00.vbzft1p.mongodb.net:27017, type=REPLICA_SET_SECONDARY, cryptd=false, state=CONNECTED, ok=true, minWireVersion=0, maxWireVersion=25, maxDocumentSize=16777216, logicalSessionTimeoutMinutes=30, roundTripTimeNanos=699667100, minRoundTripTimeNanos=0, setName='atlas-d8h5xe-shard-0', canonicalAddress=ac-qpa4jy6-shard-00-00.vbzft1p.mongodb.net:27017, hosts=[ac-qpa4jy6-shard-00-02.vbzft1p.mongodb.net:27017, ac-qpa4jy6-shard-00-00.vbzft1p.mongodb.net:27017, ac-qpa4jy6-shard-00-01.vbzft1p.mongodb.net:27017], passives=[], arbiters=[], primary='ac-qpa4jy6-shard-00-01.vbzft1p.mongodb.net:27017', tagSet=TagSet{[Tag{name='availabilityZone', value='sae1-az1'}, Tag{name='diskState', value='READY'}, Tag{name='nodeType', value='ELECTABLE'}, Tag{name='provider', value='AWS'}, Tag{name='region', value='SA_EAST_1'}, Tag{name='workloadType', value='OPERATIONAL'}]}, electionId=null, setVersion=10, topologyVersion=TopologyVersion{processId=689b5aea541159180e638db5, counter=4}, lastWriteDate=Sat Aug 16 09:50:05 GMT-05:00 2025, lastUpdateTimeNanos=11925954397800}
[cluster-ClusterId{value='68a09a9f63c5de98aa02e8d6', description='Cluster0'}-ac-qpa4jy6-shard-00-02.vbzft1p.mongodb.net:27017] INFO org.mongodb.driver.cluster - Monitor thread successfully connected to server with description ServerDescription{address=ac-qpa4jy6-shard-00-02.vbzft1p.mongodb.net:27017, type=REPLICA_SET_SECONDARY, cryptd=false, state=CONNECTED, ok=true, minWireVersion=0, maxWireVersion=25, maxDocumentSize=16777216, logicalSessionTimeoutMinutes=30, roundTripTimeNanos=706340300, minRoundTripTimeNanos=0, setName='atlas-d8h5xe-shard-0', canonicalAddress=ac-qpa4jy6-shard-00-02.vbzft1p.mongodb.net:27017, hosts=[ac-qpa4jy6-shard-00-02.vbzft1p.mongodb.net:27017, ac-qpa4jy6-shard-00-00.vbzft1p.mongodb.net:27017, ac-qpa4jy6-shard-00-01.vbzft1p.mongodb.net:27017], passives=[], arbiters=[], primary='ac-qpa4jy6-shard-00-01.vbzft1p.mongodb.net:27017', tagSet=TagSet{[Tag{name='availabilityZone', value='sae1-az2'}, Tag{name='diskState', value='READY'}, Tag{name='nodeType', value='ELECTABLE'}, Tag{name='provider', value='AWS'}, Tag{name='region', value='SA_EAST_1'}, Tag{name='workloadType', value='OPERATIONAL'}]}, electionId=null, setVersion=10, topologyVersion=TopologyVersion{processId=689b5f9473b85785fc7c0f4b, counter=3}, lastWriteDate=Sat Aug 16 09:50:05 GMT-05:00 2025, lastUpdateTimeNanos=11925954397800}
[cluster-ClusterId{value='68a09a9f63c5de98aa02e8d6', description='Cluster0'}-ac-qpa4jy6-shard-00-01.vbzft1p.mongodb.net:27017] INFO org.mongodb.driver.cluster - Monitor thread successfully connected to server with description ServerDescription{address=ac-qpa4jy6-shard-00-01.vbzft1p.mongodb.net:27017, type=REPLICA_SET_PRIMARY, cryptd=false, state=CONNECTED, ok=true, minWireVersion=0, maxWireVersion=25, maxDocumentSize=16777216, logicalSessionTimeoutMinutes=30, roundTripTimeNanos=699830100, minRoundTripTimeNanos=0, setName='atlas-d8h5xe-shard-0', canonicalAddress=ac-qpa4jy6-shard-00-01.vbzft1p.mongodb.net:27017, hosts=[ac-qpa4jy6-shard-00-02.vbzft1p.mongodb.net:27017, ac-qpa4jy6-shard-00-00.vbzft1p.mongodb.net:27017, ac-qpa4jy6-shard-00-01.vbzft1p.mongodb.net:27017], passives=[], arbiters=[], primary='ac-qpa4jy6-shard-00-01.vbzft1p.mongodb.net:27017', tagSet=TagSet{[Tag{name='availabilityZone', value='sae1-az3'}, Tag{name='diskState', value='READY'}, Tag{name='nodeType', value='ELECTABLE'}, Tag{name='provider', value='AWS'}, Tag{name='region', value='SA_EAST_1'}, Tag{name='workloadType', value='OPERATIONAL'}]}, electionId=7fffffff0000000000000031, setVersion=10, topologyVersion=TopologyVersion{processId=689b5ceb180f335f7d1716cc, counter=6}, lastWriteDate=Sat Aug 16 09:50:05 GMT-05:00 2025, lastUpdateTimeNanos=11925954619300}
[cluster-ClusterId{value='68a09a9f63c5de98aa02e8d6', description='Cluster0'}-ac-qpa4jy6-shard-00-01.vbzft1p.mongodb.net:27017] INFO org.mongodb.driver.cluster - Discovered replica set primary ac-qpa4jy6-shard-00-01.vbzft1p.mongodb.net:27017 with max election id 7fffffff0000000000000031 and max set version 10
]]></system-err>
  </testcase>
</testsuite>